{
  "stats": {
    "suites": 5,
    "tests": 4,
    "passes": 4,
    "pending": 0,
    "failures": 0,
    "start": "2023-03-28T15:13:49.981Z",
    "end": "2023-03-28T15:13:50.030Z",
    "duration": 49,
    "testsRegistered": 4,
    "passPercent": 100,
    "pendingPercent": 0,
    "other": 0,
    "hasOther": false,
    "skipped": 0,
    "hasSkipped": false
  },
  "results": [
    {
      "uuid": "4293c9d7-cbcb-43f1-8ce1-2dc3b8ec74a4",
      "title": "",
      "fullFile": "C:\\Users\\jose.ramalho\\Desktop\\Automacao\\automaClass\\src\\class\\test\\TestMehodosPost\\PostLogin.js",
      "file": "\\src\\class\\test\\TestMehodosPost\\PostLogin.js",
      "beforeHooks": [],
      "afterHooks": [],
      "tests": [],
      "suites": [
        {
          "uuid": "29c94606-e433-441d-adf9-2ced8414e80e",
          "title": "Valida API login",
          "fullFile": "C:\\Users\\jose.ramalho\\Desktop\\Automacao\\automaClass\\src\\class\\test\\TestMehodosPost\\PostLogin.js",
          "file": "\\src\\class\\test\\TestMehodosPost\\PostLogin.js",
          "beforeHooks": [],
          "afterHooks": [],
          "tests": [],
          "suites": [
            {
              "uuid": "6cf18c38-2fe1-43d8-ab63-df66dc90b36e",
              "title": "Realizando testes no endPoint de LOGIN",
              "fullFile": "C:\\Users\\jose.ramalho\\Desktop\\Automacao\\automaClass\\src\\class\\test\\TestMehodosPost\\PostLogin.js",
              "file": "\\src\\class\\test\\TestMehodosPost\\PostLogin.js",
              "beforeHooks": [],
              "afterHooks": [],
              "tests": [
                {
                  "title": "validar se o retorno é code 200",
                  "fullTitle": "Valida API login Realizando testes no endPoint de LOGIN validar se o retorno é code 200",
                  "timedOut": false,
                  "duration": 5,
                  "state": "passed",
                  "speed": "fast",
                  "pass": true,
                  "fail": false,
                  "pending": false,
                  "context": null,
                  "code": "ClassMehodosPost.GerarLogin('api/login', 200)",
                  "err": {},
                  "uuid": "2361214f-b54e-428f-a0cb-cf6761ad8474",
                  "parentUUID": "6cf18c38-2fe1-43d8-ab63-df66dc90b36e",
                  "isHook": false,
                  "skipped": false
                }
              ],
              "suites": [],
              "passes": [
                "2361214f-b54e-428f-a0cb-cf6761ad8474"
              ],
              "failures": [],
              "pending": [],
              "skipped": [],
              "duration": 5,
              "root": false,
              "rootEmpty": false,
              "_timeout": 2000
            },
            {
              "uuid": "2dfacdef-67fe-46f3-9e1f-9a583d404d34",
              "title": "Realizando testes no endPoint de NaoNulo",
              "fullFile": "C:\\Users\\jose.ramalho\\Desktop\\Automacao\\automaClass\\src\\class\\test\\TestMehodosPost\\PostLogin.js",
              "file": "\\src\\class\\test\\TestMehodosPost\\PostLogin.js",
              "beforeHooks": [],
              "afterHooks": [],
              "tests": [
                {
                  "title": "validar se o retorno Nao é Nulo",
                  "fullTitle": "Valida API login Realizando testes no endPoint de NaoNulo validar se o retorno Nao é Nulo",
                  "timedOut": false,
                  "duration": 1,
                  "state": "passed",
                  "speed": "fast",
                  "pass": true,
                  "fail": false,
                  "pending": false,
                  "context": null,
                  "code": "ClassMehodosPost.GerarLogin('api/login', 200, 'NaoNulo')",
                  "err": {},
                  "uuid": "79ac631b-0edb-4d04-84b7-b5b1b6ebc9c5",
                  "parentUUID": "2dfacdef-67fe-46f3-9e1f-9a583d404d34",
                  "isHook": false,
                  "skipped": false
                }
              ],
              "suites": [],
              "passes": [
                "79ac631b-0edb-4d04-84b7-b5b1b6ebc9c5"
              ],
              "failures": [],
              "pending": [],
              "skipped": [],
              "duration": 1,
              "root": false,
              "rootEmpty": false,
              "_timeout": 2000
            },
            {
              "uuid": "2bc174af-428a-4865-a9f4-30d6a0eafb33",
              "title": "Realizando testes no endPoint de Invalido",
              "fullFile": "C:\\Users\\jose.ramalho\\Desktop\\Automacao\\automaClass\\src\\class\\test\\TestMehodosPost\\PostLogin.js",
              "file": "\\src\\class\\test\\TestMehodosPost\\PostLogin.js",
              "beforeHooks": [],
              "afterHooks": [],
              "tests": [
                {
                  "title": "validar se o retorno é code 404",
                  "fullTitle": "Valida API login Realizando testes no endPoint de Invalido validar se o retorno é code 404",
                  "timedOut": false,
                  "duration": 0,
                  "state": "passed",
                  "speed": "fast",
                  "pass": true,
                  "fail": false,
                  "pending": false,
                  "context": null,
                  "code": "ClassMehodosPost.GerarLogin('api/Invalido', 404, 'NaoNulo')",
                  "err": {},
                  "uuid": "207b4df3-ccae-4106-b677-5f63c2cfdbd1",
                  "parentUUID": "2bc174af-428a-4865-a9f4-30d6a0eafb33",
                  "isHook": false,
                  "skipped": false
                }
              ],
              "suites": [],
              "passes": [
                "207b4df3-ccae-4106-b677-5f63c2cfdbd1"
              ],
              "failures": [],
              "pending": [],
              "skipped": [],
              "duration": 0,
              "root": false,
              "rootEmpty": false,
              "_timeout": 2000
            },
            {
              "uuid": "09c9c40c-aa94-447f-9855-defc38e24a3b",
              "title": "Realizando testes de erro Login",
              "fullFile": "C:\\Users\\jose.ramalho\\Desktop\\Automacao\\automaClass\\src\\class\\test\\TestMehodosPost\\PostLogin.js",
              "file": "\\src\\class\\test\\TestMehodosPost\\PostLogin.js",
              "beforeHooks": [],
              "afterHooks": [],
              "tests": [
                {
                  "title": "validar se o retorno é code 409",
                  "fullTitle": "Valida API login Realizando testes de erro Login validar se o retorno é code 409",
                  "timedOut": false,
                  "duration": 1,
                  "state": "passed",
                  "speed": "fast",
                  "pass": true,
                  "fail": false,
                  "pending": false,
                  "context": null,
                  "code": "ClassMehodosPost.ErrorGerarLogin('api/login', 409, 'ClaroEcommerce5')",
                  "err": {},
                  "uuid": "e3bc8ac4-0834-4d6a-8b3c-2076f82eff62",
                  "parentUUID": "09c9c40c-aa94-447f-9855-defc38e24a3b",
                  "isHook": false,
                  "skipped": false
                }
              ],
              "suites": [],
              "passes": [
                "e3bc8ac4-0834-4d6a-8b3c-2076f82eff62"
              ],
              "failures": [],
              "pending": [],
              "skipped": [],
              "duration": 1,
              "root": false,
              "rootEmpty": false,
              "_timeout": 2000
            }
          ],
          "passes": [],
          "failures": [],
          "pending": [],
          "skipped": [],
          "duration": 0,
          "root": false,
          "rootEmpty": false,
          "_timeout": 2000
        }
      ],
      "passes": [],
      "failures": [],
      "pending": [],
      "skipped": [],
      "duration": 0,
      "root": true,
      "rootEmpty": true,
      "_timeout": 2000
    }
  ],
  "meta": {
    "mocha": {
      "version": "10.1.0"
    },
    "mochawesome": {
      "options": {
        "quiet": false,
        "reportFilename": "mochawesome",
        "saveHtml": true,
        "saveJson": true,
        "consoleReporter": "spec",
        "useInlineDiffs": false,
        "code": true
      },
      "version": "7.1.3"
    },
    "marge": {
      "options": null,
      "version": "6.2.0"
    }
  }
}